<?xml version="1.0" encoding="UTF-8"?>
<!-- Generated by org.testng.reporters.JUnitReportReporter -->
<testsuite hostname="CBEN-GJK0P93-LX" failures="0" tests="4" name="com.accenture.ws.NewTest" time="15.575" errors="0" timestamp="2021-10-22T16:50:27 CST" skipped="0">
  <testcase classname="com.accenture.ws.NewTest" name="editOrderTest" time="6.155"/>
  <system-out/>
  <testcase classname="com.accenture.ws.NewTest" name="addOrderDiscountedTest" time="2.915"/>
  <system-out/>
  <testcase classname="com.accenture.ws.NewTest" name="addOrderNotDiscountedTest" time="2.302"/>
  <system-out/>
  <testcase classname="com.accenture.ws.NewTest" name="deleteOrderTest" time="4.203"/>
  <system-out/>
</testsuite> <!-- com.accenture.ws.NewTest -->
