<?xml version="1.0" encoding="UTF-8"?>
<!-- Generated by org.testng.reporters.JUnitReportReporter -->
<testsuite hostname="CBEN-GJK0P93-LX" failures="0" tests="4" name="com.accenture.ws.NewTest" time="14.373" errors="0" timestamp="2021-10-22T05:26:15 CST" skipped="0">
  <testcase classname="com.accenture.ws.NewTest" name="deleteOrderTest" time="4.121"/>
  <system-out/>
  <testcase classname="com.accenture.ws.NewTest" name="editOrderTest" time="5.523"/>
  <system-out/>
  <testcase classname="com.accenture.ws.NewTest" name="addOrderDiscountedTest" time="2.479"/>
  <system-out/>
  <testcase classname="com.accenture.ws.NewTest" name="addOrderNotDiscountedTest" time="2.250"/>
  <system-out/>
</testsuite> <!-- com.accenture.ws.NewTest -->
