<?xml version="1.0" encoding="UTF-8"?>
<!-- Generated by org.testng.reporters.JUnitReportReporter -->
<testsuite hostname="CBEN-GJK0P93-LX" failures="0" tests="4" name="com.accenture.ws.NewTest" time="14.547" errors="0" timestamp="2021-10-22T17:19:59 CST" skipped="0">
  <testcase classname="com.accenture.ws.NewTest" name="deleteOrderTest" time="4.108"/>
  <system-out/>
  <testcase classname="com.accenture.ws.NewTest" name="addOrderDiscountedTest" time="2.505"/>
  <system-out/>
  <testcase classname="com.accenture.ws.NewTest" name="editOrderTest" time="5.635"/>
  <system-out/>
  <testcase classname="com.accenture.ws.NewTest" name="addOrderNotDiscountedTest" time="2.299"/>
  <system-out/>
</testsuite> <!-- com.accenture.ws.NewTest -->
